<?xml version="1.0" encoding="UTF-8"?>
<!-- Generated by org.testng.reporters.JUnitXMLReporter -->
<testsuite ignored="0" hostname="DESKTOP-APK6A01" failures="1" tests="9" name="Test" time="0.083" errors="0" timestamp="2022-09-07T17:23:30 EDT">
  <testcase classname="practicetests.Testing1" name="Test1" time="0.005"/>
  <testcase classname="practicetests.Testing1" name="Test2" time="0.001"/>
  <testcase classname="practicetests.Testing1" name="f" time="0.003"/>
  <testcase classname="practicetests.Testing1" name="f" time="0.001"/>
  <testcase classname="practicetests.testing2" name="test3" time="0.001"/>
  <testcase classname="practicetests.testing2" name="test4" time="0.001"/>
  <testcase classname="practicetests.Testing3" name="creatuser" time="0.01">
    <failure type="java.lang.AssertionError" message="verify element expected [true] but found [false]">
      <![CDATA[java.lang.AssertionError: verify element expected [true] but found [false]
at practicetests.Testing3.creatuser(Testing3.java:14)
at java.base/java.util.ArrayList.forEach(ArrayList.java:1511)
... Removed 28 stack frames]]>
    </failure>
  </testcase> <!-- creatuser -->
  <testcase classname="practicetests.Testing3" name="edituser" time="0.0">
    <skipped/>
  </testcase> <!-- edituser -->
  <testcase classname="practicetests.Testing3" name="deletuser" time="0.001">
    <skipped/>
  </testcase> <!-- deletuser -->
</testsuite> <!-- Test -->
